-------------------------------------------------------------------------------
Test set: com.ontariotechu.sofe3980U.BinaryControllerTest
-------------------------------------------------------------------------------
Tests run: 1, Failures: 0, Errors: 1, Skipped: 0, Time elapsed: 0.001 s <<< FAILURE! - in com.ontariotechu.sofe3980U.BinaryControllerTest
initializationError(com.ontariotechu.sofe3980U.BinaryControllerTest)  Time elapsed: 0 s  <<< ERROR!
java.lang.IllegalStateException: Configuration error: found multiple declarations of @BootstrapWith for test class [com.ontariotechu.sofe3980U.BinaryControllerTest]: [@org.springframework.test.context.BootstrapWith(value=class org.springframework.boot.test.context.SpringBootTestContextBootstrapper), @org.springframework.test.context.BootstrapWith(value=class org.springframework.boot.test.autoconfigure.web.servlet.WebMvcTestContextBootstrapper)]

